<?xml version="1.0" encoding="UTF-8"?>
<!-- Generated by org.testng.reporters.JUnitXMLReporter -->
<testsuite ignored="0" hostname="DESKTOP-R2QIAIR" failures="0" tests="3" name="Surefire test" time="17.626" errors="0" timestamp="2023-04-13T02:52:25 EET">
  <testcase classname="com.qacart.todo.testcases.LoginTest" name="ShouldBeAbleToLoginWthEmailAndPassword" time="4.98"/>
  <testcase classname="com.qacart.todo.testcases.CreateNewAccountTest" name="fillform" time="6.145"/>
  <testcase classname="com.qacart.todo.testcases.TodoTest" name="AddTodo" time="12.256"/>
</testsuite> <!-- Surefire test -->
