<?xml version="1.0" encoding="UTF-8"?>
<testsuite xmlns:xsi="http://www.w3.org/2001/XMLSchema-instance" xsi:noNamespaceSchemaLocation="https://maven.apache.org/surefire/maven-surefire-plugin/xsd/surefire-test-report-3.0.xsd" version="3.0" name="TestSuite" time="16.745" tests="3" errors="0" skipped="0" failures="0">
  <properties>
[...]
</properties>
  <testcase name="ShouldBeAbleToLoginWthEmailAndPassword" classname="com.qacart.todo.testcases.LoginTest" time="3.604">
    <system-err><![CDATA[SLF4J: No SLF4J providers were found.
SLF4J: Defaulting to no-operation (NOP) logger implementation
SLF4J: See https://www.slf4j.org/codes.html#noProviders for further details.
Starting ChromeDriver 111.0.5563.64 (c710e93d5b63b7095afe8c2c17df34408078439d-refs/branch-heads/5563@{#995}) on port 31030
Only local connections are allowed.
Please see https://chromedriver.chromium.org/security-considerations for suggestions on keeping ChromeDriver safe.
Starting ChromeDriver 111.0.5563.64 (c710e93d5b63b7095afe8c2c17df34408078439d-refs/branch-heads/5563@{#995}) on port 32590
Only local connections are allowed.
Please see https://chromedriver.chromium.org/security-considerations for suggestions on keeping ChromeDriver safe.
ChromeDriver was started successfully.
ChromeDriver was started successfully.
Starting ChromeDriver 111.0.5563.64 (c710e93d5b63b7095afe8c2c17df34408078439d-refs/branch-heads/5563@{#995}) on port 9387
Only local connections are allowed.
Please see https://chromedriver.chromium.org/security-considerations for suggestions on keeping ChromeDriver safe.
ChromeDriver was started successfully.
Apr 09, 2023 7:26:14 AM org.openqa.selenium.devtools.CdpVersionFinder findNearestMatch
WARNING: Unable to find an exact match for CDP version 111, so returning the closest version found: 110
Apr 09, 2023 7:26:14 AM org.openqa.selenium.devtools.CdpVersionFinder findNearestMatch
WARNING: Unable to find an exact match for CDP version 111, so returning the closest version found: 110
Apr 09, 2023 7:26:14 AM org.openqa.selenium.devtools.CdpVersionFinder findNearestMatch
WARNING: Unable to find an exact match for CDP version 111, so returning the closest version found: 110
]]></system-err>
  </testcase>
  <testcase name="fillform" classname="com.qacart.todo.testcases.CreateNewAccountTest" time="4.15"/>
  <testcase name="AddTodo" classname="com.qacart.todo.testcases.TodoTest" time="10.166">
    <system-out><![CDATA[Request method:	POST
Request URI:	https://todo.qacart.com/api/v1/users/register
Proxy:			<none>
Request params:	<none>
Query params:	<none>
Form params:	<none>
Path params:	<none>
Headers:		Accept=*/*
				Content-Type=application/json
Cookies:		<none>
Multiparts:		<none>
Body:
{
    "email": "ismael.pfannerstill@yahoo.com",
    "firstName": "Jenna",
    "lastName": "Rosenbaum",
    "password": "sviu1amb1"
}
HTTP/1.1 201 Created
Server: Cowboy
Connection: keep-alive
X-Powered-By: Express
Access-Control-Allow-Origin: *
Set-Cookie: access_token=eyJhbGciOiJIUzI1NiIsInR5cCI6IkpXVCJ9.eyJpZCI6IjY0MzI0YzdjOWFmMzBkMDAxNGI5NDdlNiIsImZpcnN0TmFtZSI6Ikplbm5hIiwibGFzdE5hbWUiOiJSb3NlbmJhdW0iLCJpYXQiOjE2ODEwMTc5ODB9.hQKez0N8xejoglhaN9hQHdKkORkAxyqJIuJ6zK0sWvg; Path=/
Set-Cookie: userID=j%3A%2264324c7c9af30d0014b947e6%22; Path=/
Set-Cookie: firstName=Jenna; Path=/
Content-Type: application/json; charset=utf-8
Content-Length: 280
Etag: W/"118-wrVRE30Jd1eNoZvtUYpISumO8PY"
Date: Sun, 09 Apr 2023 05:26:20 GMT
Via: 1.1 vegur

{
    "access_token": "eyJhbGciOiJIUzI1NiIsInR5cCI6IkpXVCJ9.eyJpZCI6IjY0MzI0YzdjOWFmMzBkMDAxNGI5NDdlNiIsImZpcnN0TmFtZSI6Ikplbm5hIiwibGFzdE5hbWUiOiJSb3NlbmJhdW0iLCJpYXQiOjE2ODEwMTc5ODB9.hQKez0N8xejoglhaN9hQHdKkORkAxyqJIuJ6zK0sWvg",
    "userID": "64324c7c9af30d0014b947e6",
    "firstName": "Jenna"
}
]]></system-out>
  </testcase>
</testsuite>