<?xml version="1.0" encoding="UTF-8"?>
<testng-results ignored="0" total="3" passed="3" failed="0" skipped="0">
  <reporter-output>
  </reporter-output>
  <suite started-at="2023-04-03T22:36:45 EET" name="Surefire suite" finished-at="2023-04-03T22:37:00 EET" duration-ms="14918">
    <groups>
    </groups>
    <test started-at="2023-04-03T22:36:45 EET" name="Surefire test" finished-at="2023-04-03T22:37:00 EET" duration-ms="14918">
      <class name="com.qacart.todo.testcases.LoginTest">
        <test-method is-config="true" signature="Setup()[pri:0, instance:com.qacart.todo.testcases.LoginTest@3c22fc4c]" started-at="2023-04-03T22:36:51 EET" name="Setup" finished-at="2023-04-03T22:36:52 EET" duration-ms="974" status="PASS">
          <reporter-output>
          </reporter-output>
        </test-method> <!-- Setup -->
        <test-method signature="ShouldBeAbleToLoginWthEmailAndPassword()[pri:0, instance:com.qacart.todo.testcases.LoginTest@3c22fc4c]" started-at="2023-04-03T22:36:52 EET" name="ShouldBeAbleToLoginWthEmailAndPassword" finished-at="2023-04-03T22:36:54 EET" duration-ms="2586" status="PASS">
          <reporter-output>
          </reporter-output>
        </test-method> <!-- ShouldBeAbleToLoginWthEmailAndPassword -->
        <test-method is-config="true" signature="quite()[pri:0, instance:com.qacart.todo.testcases.LoginTest@3c22fc4c]" started-at="2023-04-03T22:36:54 EET" name="quite" finished-at="2023-04-03T22:36:55 EET" duration-ms="382" status="PASS">
          <reporter-output>
          </reporter-output>
        </test-method> <!-- quite -->
      </class> <!-- com.qacart.todo.testcases.LoginTest -->
      <class name="com.qacart.todo.testcases.TodoTest">
        <test-method is-config="true" signature="Setup()[pri:0, instance:com.qacart.todo.testcases.TodoTest@460d0a57]" started-at="2023-04-03T22:36:55 EET" name="Setup" finished-at="2023-04-03T22:36:56 EET" duration-ms="1297" status="PASS">
          <reporter-output>
          </reporter-output>
        </test-method> <!-- Setup -->
        <test-method signature="AddTodo()[pri:0, instance:com.qacart.todo.testcases.TodoTest@460d0a57]" started-at="2023-04-03T22:36:56 EET" name="AddTodo" finished-at="2023-04-03T22:36:59 EET" duration-ms="3383" status="PASS">
          <reporter-output>
          </reporter-output>
        </test-method> <!-- AddTodo -->
        <test-method is-config="true" signature="quite()[pri:0, instance:com.qacart.todo.testcases.TodoTest@460d0a57]" started-at="2023-04-03T22:36:59 EET" name="quite" finished-at="2023-04-03T22:37:00 EET" duration-ms="408" status="PASS">
          <reporter-output>
          </reporter-output>
        </test-method> <!-- quite -->
      </class> <!-- com.qacart.todo.testcases.TodoTest -->
      <class name="com.qacart.todo.testcases.CreateNewAccountTest">
        <test-method is-config="true" signature="Setup()[pri:0, instance:com.qacart.todo.testcases.CreateNewAccountTest@7f552bd3]" started-at="2023-04-03T22:36:45 EET" name="Setup" finished-at="2023-04-03T22:36:48 EET" duration-ms="2804" status="PASS">
          <reporter-output>
          </reporter-output>
        </test-method> <!-- Setup -->
        <test-method signature="fillform()[pri:0, instance:com.qacart.todo.testcases.CreateNewAccountTest@7f552bd3]" started-at="2023-04-03T22:36:48 EET" name="fillform" finished-at="2023-04-03T22:36:50 EET" duration-ms="2598" status="PASS">
          <reporter-output>
          </reporter-output>
        </test-method> <!-- fillform -->
        <test-method is-config="true" signature="quite()[pri:0, instance:com.qacart.todo.testcases.CreateNewAccountTest@7f552bd3]" started-at="2023-04-03T22:36:50 EET" name="quite" finished-at="2023-04-03T22:36:51 EET" duration-ms="423" status="PASS">
          <reporter-output>
          </reporter-output>
        </test-method> <!-- quite -->
      </class> <!-- com.qacart.todo.testcases.CreateNewAccountTest -->
    </test> <!-- Surefire test -->
  </suite> <!-- Surefire suite -->
</testng-results>
