<?xml version="1.0" encoding="UTF-8"?>
<testng-results ignored="0" total="3" passed="3" failed="0" skipped="0">
  <reporter-output>
  </reporter-output>
  <suite started-at="2023-04-09T07:26:09 EET" name="Surefire suite" finished-at="2023-04-09T07:26:24 EET" duration-ms="15393">
    <groups>
    </groups>
    <test started-at="2023-04-09T07:26:09 EET" name="Surefire test" finished-at="2023-04-09T07:26:24 EET" duration-ms="15393">
      <class name="com.qacart.todo.testcases.LoginTest">
        <test-method is-config="true" signature="Setup()[pri:0, instance:com.qacart.todo.testcases.LoginTest@121314f7]" started-at="2023-04-09T07:26:09 EET" name="Setup" finished-at="2023-04-09T07:26:14 EET" duration-ms="4502" status="PASS">
          <reporter-output>
          </reporter-output>
        </test-method> <!-- Setup -->
        <test-method signature="ShouldBeAbleToLoginWthEmailAndPassword()[pri:0, instance:com.qacart.todo.testcases.LoginTest@121314f7]" started-at="2023-04-09T07:26:14 EET" name="ShouldBeAbleToLoginWthEmailAndPassword" description="Login Test" finished-at="2023-04-09T07:26:17 EET" duration-ms="3578" status="PASS">
          <reporter-output>
          </reporter-output>
        </test-method> <!-- ShouldBeAbleToLoginWthEmailAndPassword -->
        <test-method is-config="true" signature="quite()[pri:0, instance:com.qacart.todo.testcases.LoginTest@121314f7]" started-at="2023-04-09T07:26:17 EET" name="quite" finished-at="2023-04-09T07:26:19 EET" duration-ms="1328" status="PASS">
          <reporter-output>
          </reporter-output>
        </test-method> <!-- quite -->
      </class> <!-- com.qacart.todo.testcases.LoginTest -->
      <class name="com.qacart.todo.testcases.TodoTest">
        <test-method is-config="true" signature="Setup()[pri:0, instance:com.qacart.todo.testcases.TodoTest@130c12b7]" started-at="2023-04-09T07:26:09 EET" name="Setup" finished-at="2023-04-09T07:26:14 EET" duration-ms="4501" status="PASS">
          <reporter-output>
          </reporter-output>
        </test-method> <!-- Setup -->
        <test-method signature="AddTodo()[pri:0, instance:com.qacart.todo.testcases.TodoTest@130c12b7]" started-at="2023-04-09T07:26:14 EET" name="AddTodo" description="Test Create New Todo and Test Deleting it" finished-at="2023-04-09T07:26:24 EET" duration-ms="10169" status="PASS">
          <reporter-output>
          </reporter-output>
        </test-method> <!-- AddTodo -->
        <test-method is-config="true" signature="quite()[pri:0, instance:com.qacart.todo.testcases.TodoTest@130c12b7]" started-at="2023-04-09T07:26:24 EET" name="quite" finished-at="2023-04-09T07:26:24 EET" duration-ms="509" status="PASS">
          <reporter-output>
          </reporter-output>
        </test-method> <!-- quite -->
      </class> <!-- com.qacart.todo.testcases.TodoTest -->
      <class name="com.qacart.todo.testcases.CreateNewAccountTest">
        <test-method is-config="true" signature="Setup()[pri:0, instance:com.qacart.todo.testcases.CreateNewAccountTest@60bd273d]" started-at="2023-04-09T07:26:09 EET" name="Setup" finished-at="2023-04-09T07:26:14 EET" duration-ms="4502" status="PASS">
          <reporter-output>
          </reporter-output>
        </test-method> <!-- Setup -->
        <test-method signature="fillform()[pri:0, instance:com.qacart.todo.testcases.CreateNewAccountTest@60bd273d]" started-at="2023-04-09T07:26:14 EET" name="fillform" description="Test Create New Account" finished-at="2023-04-09T07:26:18 EET" duration-ms="4149" status="PASS">
          <reporter-output>
          </reporter-output>
        </test-method> <!-- fillform -->
        <test-method is-config="true" signature="quite()[pri:0, instance:com.qacart.todo.testcases.CreateNewAccountTest@60bd273d]" started-at="2023-04-09T07:26:18 EET" name="quite" finished-at="2023-04-09T07:26:19 EET" duration-ms="1018" status="PASS">
          <reporter-output>
          </reporter-output>
        </test-method> <!-- quite -->
      </class> <!-- com.qacart.todo.testcases.CreateNewAccountTest -->
    </test> <!-- Surefire test -->
  </suite> <!-- Surefire suite -->
</testng-results>
