<?xml version="1.0" encoding="UTF-8"?>
<!-- Generated by org.testng.reporters.JUnitXMLReporter -->
<testsuite ignored="0" hostname="DESKTOP-R2QIAIR" failures="0" tests="3" name="Surefire test" time="14.918" errors="0" timestamp="2023-04-03T22:37:00 EET">
  <testcase classname="com.qacart.todo.testcases.CreateNewAccountTest" name="fillform" time="2.598"/>
  <testcase classname="com.qacart.todo.testcases.LoginTest" name="ShouldBeAbleToLoginWthEmailAndPassword" time="2.586"/>
  <testcase classname="com.qacart.todo.testcases.TodoTest" name="AddTodo" time="3.383"/>
</testsuite> <!-- Surefire test -->
