<?xml version="1.0" encoding="UTF-8"?>
<!-- Generated by org.testng.reporters.JUnitXMLReporter -->
<testsuite ignored="0" hostname="DESKTOP-R2QIAIR" failures="0" tests="3" name="Surefire test" time="15.393" errors="0" timestamp="2023-04-09T07:26:25 EET">
  <testcase classname="com.qacart.todo.testcases.LoginTest" name="ShouldBeAbleToLoginWthEmailAndPassword" time="3.578"/>
  <testcase classname="com.qacart.todo.testcases.CreateNewAccountTest" name="fillform" time="4.149"/>
  <testcase classname="com.qacart.todo.testcases.TodoTest" name="AddTodo" time="10.169"/>
</testsuite> <!-- Surefire test -->
